[debug] > Exec(doc, None, None)
[debug] Evaluating tasks: Compile / doc
[debug] Running task... Cancel: Signal, check cycles: false, forcegc: true
[info] compiling 25 Scala sources to C:\Quan\Data Dashboard\target\scala-3.4.0\classes ...
[warn] -- [E029] Pattern Match Exhaustivity Warning: C:\Quan\Data Dashboard\src\main\scala\Tools\CardTools.scala:104:4 
[warn] 104 |    dialog.showAndWait() match {
[warn]     |    ^^^^^^^^^^^^^^^^^^^^
[warn]     |    match may not be exhaustive.
[warn]     |
[warn]     |    It would fail on pattern case: Some(_)
[warn]     |
[warn]     | longer explanation available when compiling with `-explain`
[warn] there were 3 deprecation warnings; re-run with -deprecation for details
[warn] two warnings found
[info] done compiling
[info] Main Scala API documentation to C:\Quan\Data Dashboard\target\scala-3.4.0\api...
[warn] -- Warning: scalafx\src\main\scala\scalafx\scene\control\Dialog.scala:122:6 ----
[warn] No DRI found for query: IllegalStateException
[warn] -- Warning: scalafx\src\main\scala\scalafx\scene\control\Dialog.scala:155:6 ----
[warn] No DRI found for query: Window
[warn] -- Warning: scalafx\src\main\scala\scalafx\scene\control\Dialog.scala:135:6 ----
[warn] No DRI found for query: IllegalStateException
[info] Main Scala API documentation successful.
[debug] Forcing garbage collection...
[success] Total time: 18 s, completed 11:56:57, 4 thg 4, 2024
[debug] > Exec(idea-shell, None, None)
